Arguments: 
  F:\node\node.exe C:\Users\admin\AppData\Roaming\npm\node_modules\yarn\bin\yarn.js add @babel/core

PATH: 
  C:\Windows\system32;C:\Windows;C:\Windows\System32\Wbem;C:\Windows\System32\WindowsPowerShell\v1.0\;C:\Windows\System32\OpenSSH\;F:\svn\bin;F:\ffmpeg-20200205-e6891d1-win64-static\bin;F:\git\cmd;E:\Python\Python38-32\Scripts\;E:\Python\Python38-32\;C:\Users\admin\AppData\Local\Microsoft\WindowsApps;C:\Users\admin\AppData\Local\Programs\Microsoft VS Code\bin;F:\vscode\Microsoft VS Code Insiders\bin;C:\Users\admin\Downloads\ffmpeg-20200205-e6891d1-win64-static;F:\MongoDB\bin;F:\node;C:\nvm;C:\dev\nodejs;C:\nvm;C:\dev\nodejs;C:\Users\admin\AppData\Roaming\npm;E:\Python\Python38-32\Scripts\;E:\Python\Python38-32\;C:\Users\admin\AppData\Local\Microsoft\WindowsApps;C:\Users\admin\AppData\Local\Programs\Microsoft VS Code\bin;F:\vscode\Microsoft VS Code Insiders\bin;C:\Users\admin\Downloads\ffmpeg-20200205-e6891d1-win64-static;F:\MongoDB\bin;

Yarn version: 
  1.17.3

Node version: 
  14.2.0

Platform: 
  win32 x64

Trace: 
  Error: ENOENT: no such file or directory, copyfile 'C:\Users\admin\AppData\Local\Yarn\Cache\v4\npm-ms-2.1.2-d09d1f357b443f493382a8eb3ccd183872ae6009\node_modules\ms\license.md' -> 'C:\Users\admin\Desktop\webpack-ssh-plugin\node_modules\@babel\core\node_modules\ms\license.md'

npm manifest: 
  {
    "name": "webpack-ssh-plugin",
    "version": "1.0.8",
    "description": "webpack plugin upload files from local to remote",
    "main": "dist/cjs.js",
    "scripts": {
      "build": "cross-env NODE_ENV=production babel src -d dist --copy-files"
    },
    "keywords": [
      "webpack",
      "upload",
      "files"
    ],
    "author": "mingetian",
    "license": "ISC",
    "repository": "mingetian/webpack-ssh-plugin",
    "homepage": "https://github.com/mingetian/webpack-ssh-plugin.git",
    "bugs": "https://github.com/mingetian/webpack-ssh-plugin/issues",
    "dependencies": {
      "ssh2-sftp-client": "^4.2.3",
      "util": "^0.12.1",
      "make-dir": "^3.0.0",
      "chalk": "^2.4.2"
    },
    "devDependencies": {
      "@babel/cli": "^7.8.4",
      "@babel/core": "^7.9.6",
      "@babel/preset-env": "^7.9.6",
      "cross-env": "^7.0.2"
    }
  }

yarn manifest: 
  No manifest

Lockfile: 
  No lockfile
